number,value,datetime_start,datetime_complete,duration,params_batch_size,params_dropout,params_hidden_dim,params_kbest_k,params_lr,params_num_blocks,params_residual_init,params_use_select_kbest,params_use_standard_scaler,params_use_variance_threshold,params_var_threshold,state
104,0.9883371591567993,2025-08-09 13:06:30.378997,2025-08-09 13:06:41.674720,0 days 00:00:11.295723,64,0.006460163430809776,320,17273.0,2.6307910775193044e-05,6,1.7331530982180479,True,True,False,,COMPLETE
105,-1.3237226009368896,2025-08-09 13:06:41.675363,2025-08-09 13:06:42.321635,0 days 00:00:00.646272,64,0.007680283431278854,320,17181.0,2.734601992608088e-05,6,1.7469483334235378,True,True,False,,PRUNED
106,-10.727447509765625,2025-08-09 13:06:42.322333,2025-08-09 13:06:42.969137,0 days 00:00:00.646804,64,0.022129986341134278,384,18267.0,3.052635644098047e-05,7,0.2986937250141426,True,True,False,,PRUNED
107,0.9886832237243652,2025-08-09 13:06:42.969699,2025-08-09 13:06:54.731845,0 days 00:00:11.762146,64,0.004840327564744928,320,17396.0,3.6326568122506814e-05,6,1.7150493807881413,True,True,False,,COMPLETE
108,0.9892317652702332,2025-08-09 13:06:54.732488,2025-08-09 13:07:09.366173,0 days 00:00:14.633685,64,0.004624867423926239,384,18274.0,2.55980802879285e-05,7,1.6643118551861988,True,True,False,,COMPLETE
109,-4810.58154296875,2025-08-09 13:07:09.366918,2025-08-09 13:07:09.741478,0 days 00:00:00.374560,64,0.0034176015595421406,384,19432.0,2.2346232620186215e-05,7,1.8206614495950388,True,False,False,,PRUNED
110,0.4115756154060364,2025-08-09 13:07:09.742085,2025-08-09 13:07:10.498718,0 days 00:00:00.756633,64,0.04196392405784882,384,18499.0,1.748922489763801e-05,7,1.6986074513607405,True,True,False,,PRUNED
111,0.98946213722229,2025-08-09 13:07:10.499304,2025-08-09 13:07:31.246139,0 days 00:00:20.746835,64,0.005489357010878085,448,17716.0,2.599480445423048e-05,6,1.6664912467377955,True,True,False,,COMPLETE
112,-1.5746541023254395,2025-08-09 13:07:31.246772,2025-08-09 13:07:31.882419,0 days 00:00:00.635647,64,0.16815398721452549,448,17883.0,1.0871789513124428e-05,6,1.6520195932428046,True,True,False,,PRUNED
113,0.9891539216041565,2025-08-09 13:07:31.883360,2025-08-09 13:07:47.999602,0 days 00:00:16.116242,64,0.00651775876605713,512,16442.0,2.757089082273442e-05,6,1.7131868310885605,True,True,False,,COMPLETE
114,0.9889006614685059,2025-08-09 13:07:48.001205,2025-08-09 13:08:01.913873,0 days 00:00:13.912668,64,0.0050180517102713035,512,16529.0,2.5211812121366443e-05,6,1.7788262670476582,True,True,False,,COMPLETE
115,0.9883942604064941,2025-08-09 13:08:01.914593,2025-08-09 13:08:17.373126,0 days 00:00:15.458533,64,8.564350689923943e-05,512,16474.0,1.3444642284498216e-05,7,1.7862278823027553,True,True,False,,COMPLETE
116,0.9887962341308594,2025-08-09 13:08:17.374460,2025-08-09 13:08:34.924984,0 days 00:00:17.550524,64,0.0009154985410158513,512,16593.0,1.4271121770003729e-05,7,1.9104993074863699,True,True,False,,COMPLETE
117,0.9880125522613525,2025-08-09 13:08:34.925621,2025-08-09 13:08:50.833740,0 days 00:00:15.908119,64,9.686786595538774e-05,512,16567.0,1.2649131984676256e-05,7,1.9270608791130617,True,True,False,,COMPLETE
118,0.8944296836853027,2025-08-09 13:08:50.835485,2025-08-09 13:08:51.606318,0 days 00:00:00.770833,64,0.021000403120308743,512,16011.0,1.964212835058868e-05,7,1.78067419541819,True,True,False,,PRUNED
119,0.8848491907119751,2025-08-09 13:08:51.606904,2025-08-09 13:08:52.446517,0 days 00:00:00.839613,64,0.017471227643430717,512,16535.0,1.3531225377306702e-05,8,1.9556811222591557,True,True,False,,PRUNED
